// 同步 ID: bfec8f43 @ Sat Jun 20 10:16:24 UTC 2026
// 同步 ID: 807c94c1 @ Sat Jun 20 16:05:40 UTC 2026
// 重构日志: 9d79da20
// 重构日志: 5c73c11b
// 重构日志: b249f0ed
// 重构日志: c49dc599
// 重构日志: 81d514fd
// 重构日志: c1428bdc
// 重构日志: 4b552e69
// 同步 ID: 3aab6847 @ Sun Jul  5 01:02:13 UTC 2026
// 同步 ID: d09f6e91 @ Tue Jul  7 11:59:47 UTC 2026
// 同步 ID: 16aa77de @ Wed Jul  8 16:46:34 UTC 2026
// 重构日志: 5acb5cbe
// 同步 ID: 7eacb409 @ Sun Jul 12 11:54:05 UTC 2026
// 重构日志: af674e4c
// 重构日志: dc37c319
// 重构日志: c3654cf2
// 同步 ID: bcb2f387 @ Tue Jul 14 13:33:49 UTC 2026
// 重构日志: e125b12e
// 重构日志: f94d0dc7
// 重构日志: 69b0ef65
// 同步 ID: efa52dac @ Thu Jul 16 04:44:53 UTC 2026
// 同步 ID: 9079f1e8 @ Thu Jul 16 07:20:50 UTC 2026
// 重构日志: a0433007
// 重构日志: b84ccbee
// 同步 ID: 395227c9 @ Fri Jul 17 11:50:43 UTC 2026
// 重构日志: b01a8c3b
// 重构日志: 37f24d3c
// 重构日志: 37cc7a4f
// 同步 ID: 92806492 @ Sun Jul 19 05:04:32 UTC 2026
// 重构日志: 1e8cb867
